<?xml version="1.0" encoding="UTF-8"?>
<testsuite xmlns:xsi="http://www.w3.org/2001/XMLSchema-instance" xsi:noNamespaceSchemaLocation="https://maven.apache.org/surefire/maven-surefire-plugin/xsd/surefire-test-report.xsd" name="com.example.result.resultspringboot.Service.ResultServiceTest" time="0.551" tests="1" errors="1" skipped="0" failures="0">
  <properties>
[...]
</properties>
  <testcase name="getTextFromUrl" classname="com.example.result.resultspringboot.Service.ResultServiceTest" time="0.551">
    <error message="sun.security.validator.ValidatorException: PKIX path building failed: sun.security.provider.certpath.SunCertPathBuilderException: unable to find valid certification path to requested target" type="javax.net.ssl.SSLHandshakeException">javax.net.ssl.SSLHandshakeException: sun.security.validator.ValidatorException: PKIX path building failed: sun.security.provider.certpath.SunCertPathBuilderException: unable to find valid certification path to requested target
	at com.example.result.resultspringboot.Service.ResultServiceTest.getTextFromUrl(ResultServiceTest.java:18)
Caused by: sun.security.validator.ValidatorException: PKIX path building failed: sun.security.provider.certpath.SunCertPathBuilderException: unable to find valid certification path to requested target
	at com.example.result.resultspringboot.Service.ResultServiceTest.getTextFromUrl(ResultServiceTest.java:18)
Caused by: sun.security.provider.certpath.SunCertPathBuilderException: unable to find valid certification path to requested target
	at com.example.result.resultspringboot.Service.ResultServiceTest.getTextFromUrl(ResultServiceTest.java:18)
</error>
    <system-out><![CDATA[2022-06-13 19:33:23.926  INFO 7408 --- [           main] c.e.r.r.Service.ResultService            : Looking up https://www.result.si/o-nas/
]]></system-out>
  </testcase>
</testsuite>